# JRE version: Java(TM) SE Runtime Environment (8.0_60-b27) (build 1.8.0_60-b27)
# Java VM: Java HotSpot(TM) 64-Bit Server VM (25.60-b23 mixed mode windows-amd64 compressed oops)
Heap:
 PSYoungGen      total 244224K, used 42121K [0x00000000eab00000, 0x00000000fdd80000, 0x0000000100000000)
  eden space 223744K, 15% used [0x00000000eab00000,0x00000000ecc2c2b0,0x00000000f8580000)
  from space 20480K, 39% used [0x00000000f9e80000,0x00000000fa676440,0x00000000fb280000)
  to   space 25600K, 0% used [0x00000000f8580000,0x00000000f8580000,0x00000000f9e80000)
 ParOldGen       total 106496K, used 38051K [0x00000000c0000000, 0x00000000c6800000, 0x00000000eab00000)
  object space 106496K, 35% used [0x00000000c0000000,0x00000000c2528fc8,0x00000000c6800000)
 Metaspace       used 45865K, capacity 47852K, committed 48128K, reserved 1091584K
  class space    used 6321K, capacity 6812K, committed 6912K, reserved 1048576K
GC Heap History (10 events):
Event: 4.722 GC heap before
{Heap before GC invocations=9 (full 2):
 PSYoungGen      total 169472K, used 14284K [0x00000000eab00000, 0x00000000fb580000, 0x0000000100000000)
  eden space 153088K, 0% used [0x00000000eab00000,0x00000000eab00000,0x00000000f4080000)
  from space 16384K, 87% used [0x00000000f4080000,0x00000000f4e733c0,0x00000000f5080000)
  to   space 18944K, 0% used [0x00000000fa300000,0x00000000fa300000,0x00000000fb580000)
 ParOldGen       total 69632K, used 11672K [0x00000000c0000000, 0x00000000c4400000, 0x00000000eab00000)
  object space 69632K, 16% used [0x00000000c0000000,0x00000000c0b660b8,0x00000000c4400000)
 Metaspace       used 34577K, capacity 35308K, committed 35496K, reserved 1079296K
  class space    used 4631K, capacity 4836K, committed 4864K, reserved 1048576K
Event: 4.790 GC heap after
Heap after GC invocations=9 (full 2):
 PSYoungGen      total 169472K, used 0K [0x00000000eab00000, 0x00000000fb580000, 0x0000000100000000)
  eden space 153088K, 0% used [0x00000000eab00000,0x00000000eab00000,0x00000000f4080000)
  from space 16384K, 0% used [0x00000000f4080000,0x00000000f4080000,0x00000000f5080000)
  to   space 18944K, 0% used [0x00000000fa300000,0x00000000fa300000,0x00000000fb580000)
 ParOldGen       total 106496K, used 20505K [0x00000000c0000000, 0x00000000c6800000, 0x00000000eab00000)
  object space 106496K, 19% used [0x00000000c0000000,0x00000000c1406460,0x00000000c6800000)
 Metaspace       used 34557K, capacity 35286K, committed 35496K, reserved 1079296K
  class space    used 4625K, capacity 4830K, committed 4864K, reserved 1048576K
}
Event: 8.484 GC heap before
{Heap before GC invocations=10 (full 2):
 PSYoungGen      total 169472K, used 153088K [0x00000000eab00000, 0x00000000fb580000, 0x0000000100000000)
  eden space 153088K, 100% used [0x00000000eab00000,0x00000000f4080000,0x00000000f4080000)
  from space 16384K, 0% used [0x00000000f4080000,0x00000000f4080000,0x00000000f5080000)
  to   space 18944K, 0% used [0x00000000fa300000,0x00000000fa300000,0x00000000fb580000)
 ParOldGen       total 106496K, used 20505K [0x00000000c0000000, 0x00000000c6800000, 0x00000000eab00000)
  object space 106496K, 19% used [0x00000000c0000000,0x00000000c1406460,0x00000000c6800000)
 Metaspace       used 40561K, capacity 41570K, committed 41728K, reserved 1085440K
  class space    used 5547K, capacity 5810K, committed 5888K, reserved 1048576K
Event: 8.520 GC heap after
Heap after GC invocations=10 (full 2):
 PSYoungGen      total 235520K, used 18923K [0x00000000eab00000, 0x00000000fb580000, 0x0000000100000000)
  eden space 216576K, 0% used [0x00000000eab00000,0x00000000eab00000,0x00000000f7e80000)
  from space 18944K, 99% used [0x00000000fa300000,0x00000000fb57add8,0x00000000fb580000)
  to   space 23040K, 0% used [0x00000000f8880000,0x00000000f8880000,0x00000000f9f00000)
 ParOldGen       total 106496K, used 21467K [0x00000000c0000000, 0x00000000c6800000, 0x00000000eab00000)
  object space 106496K, 20% used [0x00000000c0000000,0x00000000c14f6e60,0x00000000c6800000)
 Metaspace       used 40561K, capacity 41570K, committed 41728K, reserved 1085440K
  class space    used 5547K, capacity 5810K, committed 5888K, reserved 1048576K
}
Event: 9.707 GC heap before
{Heap before GC invocations=11 (full 2):
 PSYoungGen      total 235520K, used 84073K [0x00000000eab00000, 0x00000000fb580000, 0x0000000100000000)
  eden space 216576K, 30% used [0x00000000eab00000,0x00000000eea9f738,0x00000000f7e80000)
  from space 18944K, 99% used [0x00000000fa300000,0x00000000fb57add8,0x00000000fb580000)
  to   space 23040K, 0% used [0x00000000f8880000,0x00000000f8880000,0x00000000f9f00000)
 ParOldGen       total 106496K, used 21467K [0x00000000c0000000, 0x00000000c6800000, 0x00000000eab00000)
  object space 106496K, 20% used [0x00000000c0000000,0x00000000c14f6e60,0x00000000c6800000)
 Metaspace       used 42805K, capacity 44472K, committed 44800K, reserved 1087488K
  class space    used 5933K, capacity 6314K, committed 6400K, reserved 1048576K
Event: 9.725 GC heap after
Heap after GC invocations=11 (full 2):
 PSYoungGen      total 239104K, used 22114K [0x00000000eab00000, 0x00000000fb280000, 0x0000000100000000)
  eden space 216576K, 0% used [0x00000000eab00000,0x00000000eab00000,0x00000000f7e80000)
  from space 22528K, 98% used [0x00000000f8880000,0x00000000f9e189c8,0x00000000f9e80000)
  to   space 20480K, 0% used [0x00000000f9e80000,0x00000000f9e80000,0x00000000fb280000)
 ParOldGen       total 106496K, used 21475K [0x00000000c0000000, 0x00000000c6800000, 0x00000000eab00000)
  object space 106496K, 20% used [0x00000000c0000000,0x00000000c14f8e60,0x00000000c6800000)
 Metaspace       used 42805K, capacity 44472K, committed 44800K, reserved 1087488K
  class space    used 5933K, capacity 6314K, committed 6400K, reserved 1048576K
}
Event: 9.725 GC heap before
{Heap before GC invocations=12 (full 3):
 PSYoungGen      total 239104K, used 22114K [0x00000000eab00000, 0x00000000fb280000, 0x0000000100000000)
  eden space 216576K, 0% used [0x00000000eab00000,0x00000000eab00000,0x00000000f7e80000)
  from space 22528K, 98% used [0x00000000f8880000,0x00000000f9e189c8,0x00000000f9e80000)
  to   space 20480K, 0% used [0x00000000f9e80000,0x00000000f9e80000,0x00000000fb280000)
 ParOldGen       total 106496K, used 21475K [0x00000000c0000000, 0x00000000c6800000, 0x00000000eab00000)
  object space 106496K, 20% used [0x00000000c0000000,0x00000000c14f8e60,0x00000000c6800000)
 Metaspace       used 42805K, capacity 44472K, committed 44800K, reserved 1087488K
  class space    used 5933K, capacity 6314K, committed 6400K, reserved 1048576K
Event: 10.009 GC heap after
Heap after GC invocations=12 (full 3):
 PSYoungGen      total 239104K, used 0K [0x00000000eab00000, 0x00000000fb280000, 0x0000000100000000)
  eden space 216576K, 0% used [0x00000000eab00000,0x00000000eab00000,0x00000000f7e80000)
  from space 22528K, 0% used [0x00000000f8880000,0x00000000f8880000,0x00000000f9e80000)
  to   space 20480K, 0% used [0x00000000f9e80000,0x00000000f9e80000,0x00000000fb280000)
 ParOldGen       total 106496K, used 38043K [0x00000000c0000000, 0x00000000c6800000, 0x00000000eab00000)
  object space 106496K, 35% used [0x00000000c0000000,0x00000000c2526fc8,0x00000000c6800000)
 Metaspace       used 42805K, capacity 44472K, committed 44800K, reserved 1087488K
  class space    used 5933K, capacity 6314K, committed 6400K, reserved 1048576K
}
Event: 16.601 GC heap before
{Heap before GC invocations=13 (full 3):
 PSYoungGen      total 239104K, used 216576K [0x00000000eab00000, 0x00000000fb280000, 0x0000000100000000)
  eden space 216576K, 100% used [0x00000000eab00000,0x00000000f7e80000,0x00000000f7e80000)
  from space 22528K, 0% used [0x00000000f8880000,0x00000000f8880000,0x00000000f9e80000)
  to   space 20480K, 0% used [0x00000000f9e80000,0x00000000f9e80000,0x00000000fb280000)
 ParOldGen       total 106496K, used 38043K [0x00000000c0000000, 0x00000000c6800000, 0x00000000eab00000)
  object space 106496K, 35% used [0x00000000c0000000,0x00000000c2526fc8,0x00000000c6800000)
 Metaspace       used 45694K, capacity 47692K, committed 47744K, reserved 1089536K
  class space    used 6293K, capacity 6780K, committed 6784K, reserved 1048576K
Event: 16.607 GC heap after
Heap after GC invocations=13 (full 3):
 PSYoungGen      total 244224K, used 8153K [0x00000000eab00000, 0x00000000fdd80000, 0x0000000100000000)
  eden space 223744K, 0% used [0x00000000eab00000,0x00000000eab00000,0x00000000f8580000)
  from space 20480K, 39% used [0x00000000f9e80000,0x00000000fa676440,0x00000000fb280000)
  to   space 25600K, 0% used [0x00000000f8580000,0x00000000f8580000,0x00000000f9e80000)
 ParOldGen       total 106496K, used 38051K [0x00000000c0000000, 0x00000000c6800000, 0x00000000eab00000)
  object space 106496K, 35% used [0x00000000c0000000,0x00000000c2528fc8,0x00000000c6800000)
 Metaspace       used 45694K, capacity 47692K, committed 47744K, reserved 1089536K
  class space    used 6293K, capacity 6780K, committed 6784K, reserved 1048576K
}

